<?xml version="1.0" encoding="UTF-8"?>
<!-- Generated by org.testng.reporters.JUnitReportReporter -->
<testsuite hostname="LAPTOP-F0LCQNDP" failures="0" tests="1" name="executions.l" time="34.773" errors="0" timestamp="2023-09-06T22:52:32 IST" skipped="0">
  <testcase classname="executions.l" name="ff" time="34.773"/>
  <system-out/>
</testsuite> <!-- executions.l -->
