<?xml version="1.0" encoding="UTF-8"?>
<!-- Generated by org.testng.reporters.JUnitReportReporter -->
<testsuite hostname="LAPTOP-F0LCQNDP" failures="0" tests="2" name="app_1.App_1_Runner" time="0.118" errors="2" timestamp="2023-11-14T08:59:57 IST" skipped="0">
  <testcase classname="app_1.App_1_Runner" name="runScenario" time="0.110">
    <error message="Cannot invoke &quot;org.openqa.selenium.WebDriver.get(String)&quot; because &quot;this.driver&quot; is null" type="java.lang.NullPointerException">
      <![CDATA[java.lang.NullPointerException: Cannot invoke "org.openqa.selenium.WebDriver.get(String)" because "this.driver" is null
at app_1.App_1_Homepage.user_should_at_home_pages(App_1_Homepage.java:21)
at ✽.user should at home pages(file:///E:/Eclips%20new%201/codes/eclipse/BDD_1/src/test/resources/app_1/app_.feature:4)
]]>
    </error>
  </testcase> <!-- runScenario -->
  <system-out/>
  <testcase classname="app_1.App_1_Runner" name="runScenario" time="0.008">
    <error message="Cannot invoke &quot;org.openqa.selenium.WebDriver.get(String)&quot; because &quot;this.driver&quot; is null" type="java.lang.NullPointerException">
      <![CDATA[java.lang.NullPointerException: Cannot invoke "org.openqa.selenium.WebDriver.get(String)" because "this.driver" is null
at app_1.App_1_Homepage.user_should_at_home_page(App_1_Homepage.java:42)
at ✽.user should at home page(file:///E:/Eclips%20new%201/codes/eclipse/BDD_1/src/test/resources/app_1/app_.feature:9)
]]>
    </error>
  </testcase> <!-- runScenario -->
  <system-out/>
</testsuite> <!-- app_1.App_1_Runner -->
