<?xml version="1.0" encoding="UTF-8"?>
<!-- Generated by org.testng.reporters.JUnitReportReporter -->
<testsuite hostname="Himanshu" failures="0" tests="2" name="executions.amazonrunner" time="23.093" errors="0" timestamp="2024-01-24T12:49:50 IST" skipped="0">
  <testcase classname="executions.amazonrunner" name="runScenario" time="11.456"/>
  <system-out/>
  <testcase classname="executions.amazonrunner" name="runScenario" time="11.637"/>
  <system-out/>
</testsuite> <!-- executions.amazonrunner -->
