<?xml version="1.0" encoding="UTF-8"?>
<!-- Generated by org.testng.reporters.JUnitReportReporter -->
<testsuite hostname="LAPTOP-F0LCQNDP" failures="0" tests="1" name="execution_process.apprunner" time="22.508" errors="0" timestamp="2023-12-11T11:41:13 IST" skipped="0">
  <testcase classname="execution_process.apprunner" name="runScenario" time="22.508"/>
  <system-out/>
</testsuite> <!-- execution_process.apprunner -->
